2025-12-18 14:30:49.624 +01:00 [INF] JsonRpc Information: 0 : 
2025-12-18 14:30:49.655 +01:00 [INF] Added local RPC method "template/list" -> EasyDotnet.Controllers.Template.TemplateController.GetTemplates() (EasyDotnet.Controllers.Template.TemplateController)
2025-12-18 14:30:49.655 +01:00 [INF] JsonRpc Information: 0 : 
2025-12-18 14:30:49.655 +01:00 [INF] Added local RPC method "template/parameters" -> EasyDotnet.Controllers.Template.TemplateController.GetTemplateParameters(String) (EasyDotnet.Controllers.Template.TemplateController)
2025-12-18 14:30:49.655 +01:00 [INF] JsonRpc Information: 0 : 
2025-12-18 14:30:49.655 +01:00 [INF] Added local RPC method "template/instantiate" -> EasyDotnet.Controllers.Template.TemplateController.InvokeTemplate(String, String, String, Dictionary`2) (EasyDotnet.Controllers.Template.TemplateController)
2025-12-18 14:30:49.655 +01:00 [INF] JsonRpc Information: 0 : 
2025-12-18 14:30:49.655 +01:00 [INF] Added local RPC method "solution/list-projects" -> EasyDotnet.Controllers.Solution.SolutionController.ListProjects(String) (EasyDotnet.Controllers.Solution.SolutionController)
2025-12-18 14:30:49.656 +01:00 [INF] JsonRpc Information: 0 : 
2025-12-18 14:30:49.656 +01:00 [INF] Added local RPC method "roslyn/bootstrap-file" -> EasyDotnet.Controllers.Roslyn.RoslynController.BootstrapFile(String, Kind, Boolean) (EasyDotnet.Controllers.Roslyn.RoslynController)
2025-12-18 14:30:49.656 +01:00 [INF] JsonRpc Information: 0 : 
2025-12-18 14:30:49.656 +01:00 [INF] Added local RPC method "roslyn/scope-variables" -> EasyDotnet.Controllers.Roslyn.RoslynController.GetVariablesFromScopes(String, Int32) (EasyDotnet.Controllers.Roslyn.RoslynController)
2025-12-18 14:30:49.657 +01:00 [INF] JsonRpc Information: 0 : 
2025-12-18 14:30:49.657 +01:00 [INF] Added local RPC method "roslyn/get-workspace-diagnostics" -> EasyDotnet.Controllers.Roslyn.RoslynController.GetDiagnostics(String, Boolean) (EasyDotnet.Controllers.Roslyn.RoslynController)
2025-12-18 14:30:49.669 +01:00 [INF] JsonRpc Information: 0 : 
2025-12-18 14:30:49.669 +01:00 [INF] Added local RPC method "outdated/packages" -> EasyDotnet.Controllers.Outdated.OutdatedController.GetOutdatedPackages(String, Nullable`1) (EasyDotnet.Controllers.Outdated.OutdatedController)
2025-12-18 14:30:49.669 +01:00 [INF] JsonRpc Information: 0 : 
2025-12-18 14:30:49.669 +01:00 [INF] Added local RPC method "nuget/restore" -> EasyDotnet.Controllers.Nuget.NugetController.RestorePackages(String) (EasyDotnet.Controllers.Nuget.NugetController)
2025-12-18 14:30:49.669 +01:00 [INF] JsonRpc Information: 0 : 
2025-12-18 14:30:49.669 +01:00 [INF] Added local RPC method "nuget/list-sources" -> EasyDotnet.Controllers.Nuget.NugetController.GetSources() (EasyDotnet.Controllers.Nuget.NugetController)
2025-12-18 14:30:49.669 +01:00 [INF] JsonRpc Information: 0 : 
2025-12-18 14:30:49.669 +01:00 [INF] Added local RPC method "nuget/push" -> EasyDotnet.Controllers.Nuget.NugetController.PushPackages(List`1, String, String) (EasyDotnet.Controllers.Nuget.NugetController)
2025-12-18 14:30:49.669 +01:00 [INF] JsonRpc Information: 0 : 
2025-12-18 14:30:49.669 +01:00 [INF] Added local RPC method "nuget/get-package-versions" -> EasyDotnet.Controllers.Nuget.NugetController.GetPackageVersions(String, List`1, Boolean) (EasyDotnet.Controllers.Nuget.NugetController)
2025-12-18 14:30:49.669 +01:00 [INF] JsonRpc Information: 0 : 
2025-12-18 14:30:49.669 +01:00 [INF] Added local RPC method "nuget/search-packages" -> EasyDotnet.Controllers.Nuget.NugetController.SearchPackages(String, List`1) (EasyDotnet.Controllers.Nuget.NugetController)
2025-12-18 14:30:49.670 +01:00 [INF] JsonRpc Information: 0 : 
2025-12-18 14:30:49.670 +01:00 [INF] Added local RPC method "user-secrets/init" -> EasyDotnet.IDE.Controllers.UserSecrets.UserSecretsController.InitSecrets(String) (EasyDotnet.IDE.Controllers.UserSecrets.UserSecretsController)
2025-12-18 14:30:49.670 +01:00 [INF] JsonRpc Information: 0 : 
2025-12-18 14:30:49.670 +01:00 [INF] Added local RPC method "test/discover" -> EasyDotnet.IDE.Controllers.Test.TestController.Discover(String, String, String, CancellationToken) (EasyDotnet.IDE.Controllers.Test.TestController)
2025-12-18 14:30:49.670 +01:00 [INF] JsonRpc Information: 0 : 
2025-12-18 14:30:49.670 +01:00 [INF] Added local RPC method "test/run" -> EasyDotnet.IDE.Controllers.Test.TestController.Run(String, String, RunRequestNode[], String, CancellationToken) (EasyDotnet.IDE.Controllers.Test.TestController)
2025-12-18 14:30:49.671 +01:00 [INF] JsonRpc Information: 0 : 
2025-12-18 14:30:49.671 +01:00 [INF] Added local RPC method "debugger/start" -> EasyDotnet.IDE.Controllers.NetCoreDbg.NetCoreDbgController.StartDebugger(DebuggerStartRequest, CancellationToken) (EasyDotnet.IDE.Controllers.NetCoreDbg.NetCoreDbgController)
2025-12-18 14:30:49.671 +01:00 [INF] JsonRpc Information: 0 : 
2025-12-18 14:30:49.671 +01:00 [INF] Added local RPC method "msbuild/build" -> EasyDotnet.IDE.Controllers.MsBuild.MsBuildController.Build(BuildRequest) (EasyDotnet.IDE.Controllers.MsBuild.MsBuildController)
2025-12-18 14:30:49.671 +01:00 [INF] JsonRpc Information: 0 : 
2025-12-18 14:30:49.671 +01:00 [INF] Added local RPC method "msbuild/project-properties" -> EasyDotnet.IDE.Controllers.MsBuild.MsBuildController.QueryProjectProperties(ProjectPropertiesRequest) (EasyDotnet.IDE.Controllers.MsBuild.MsBuildController)
2025-12-18 14:30:49.671 +01:00 [INF] JsonRpc Information: 0 : 
2025-12-18 14:30:49.671 +01:00 [INF] Added local RPC method "msbuild/list-project-reference" -> EasyDotnet.IDE.Controllers.MsBuild.MsBuildController.GetProjectReferences(String) (EasyDotnet.IDE.Controllers.MsBuild.MsBuildController)
2025-12-18 14:30:49.671 +01:00 [INF] JsonRpc Information: 0 : 
2025-12-18 14:30:49.671 +01:00 [INF] Added local RPC method "msbuild/list-package-reference" -> EasyDotnet.IDE.Controllers.MsBuild.MsBuildController.GetPackageReferences(String, String, CancellationToken) (EasyDotnet.IDE.Controllers.MsBuild.MsBuildController)
2025-12-18 14:30:49.671 +01:00 [INF] JsonRpc Information: 0 : 
2025-12-18 14:30:49.671 +01:00 [INF] Added local RPC method "msbuild/add-project-reference" -> EasyDotnet.IDE.Controllers.MsBuild.MsBuildController.AddProjectReference(String, String, CancellationToken) (EasyDotnet.IDE.Controllers.MsBuild.MsBuildController)
2025-12-18 14:30:49.671 +01:00 [INF] JsonRpc Information: 0 : 
2025-12-18 14:30:49.671 +01:00 [INF] Added local RPC method "msbuild/remove-project-reference" -> EasyDotnet.IDE.Controllers.MsBuild.MsBuildController.RemoveProjectReference(String, String, CancellationToken) (EasyDotnet.IDE.Controllers.MsBuild.MsBuildController)
2025-12-18 14:30:49.671 +01:00 [INF] JsonRpc Information: 0 : 
2025-12-18 14:30:49.671 +01:00 [INF] Added local RPC method "launch-profiles" -> EasyDotnet.IDE.Controllers.LaunchProfile.LaunchProfileController.GetLaunchProfiles(String) (EasyDotnet.IDE.Controllers.LaunchProfile.LaunchProfileController)
2025-12-18 14:30:49.671 +01:00 [INF] JsonRpc Information: 0 : 
2025-12-18 14:30:49.671 +01:00 [INF] Added local RPC method "json-code-gen" -> EasyDotnet.IDE.Controllers.JsonCodeGen.JsonCodeGen.JsonToCode(String, String, Boolean) (EasyDotnet.IDE.Controllers.JsonCodeGen.JsonCodeGen)
2025-12-18 14:30:49.672 +01:00 [INF] JsonRpc Information: 0 : 
2025-12-18 14:30:49.672 +01:00 [INF] Added local RPC method "initialize" -> EasyDotnet.IDE.Controllers.Initialize.InitializeController.Initialize(InitializeRequest) (EasyDotnet.IDE.Controllers.Initialize.InitializeController)
2025-12-18 14:30:49.674 +01:00 [INF] JsonRpc: Listening started.
2025-12-18 14:30:49.730 +01:00 [INF] JsonRpc Information: 7 : 
2025-12-18 14:30:49.736 +01:00 [INF] {"id":1,"method":"initialize"}
2025-12-18 14:30:49.736 +01:00 [INF] JsonRpc Verbose: 7 : 
2025-12-18 14:30:49.737 +01:00 [INF] Received: {
  "jsonrpc": "2.0",
  "params": {
    "request": {
      "options": {
        "debuggerOptions": {
          "binaryPath": "netcoredbg",
          "applyValueConverters": true
        },
        "useVisualStudio": false
      },
      "projectInfo": {
        "rootDir": "/home/cerberus/.config/nvim"
      },
      "clientInfo": {
        "version": "2.0.0",
        "name": "EasyDotnet"
      }
    }
  },
  "method": "initialize",
  "id": 1
}
2025-12-18 14:30:49.739 +01:00 [INF] JsonRpc Information: 6 : 
2025-12-18 14:30:49.739 +01:00 [INF] Received request "1" for method "initialize".
2025-12-18 14:30:49.771 +01:00 [INF] JsonRpc Information: 9 : 
2025-12-18 14:30:49.772 +01:00 [INF] Invoking EasyDotnet.IDE.Controllers.Initialize.InitializeController.Initialize(InitializeRequest)
2025-12-18 14:30:49.791 +01:00 [INF] Created cache directory at /tmp/easy-dotnet
2025-12-18 14:30:49.963 +01:00 [INF] JsonRpc Information: 8 : 
2025-12-18 14:30:49.963 +01:00 [INF] {"id":1}
2025-12-18 14:30:49.963 +01:00 [INF] JsonRpc Verbose: 8 : 
2025-12-18 14:30:49.963 +01:00 [INF] Sent: {
  "jsonrpc": "2.0",
  "id": 1,
  "result": {
    "serverInfo": {
      "name": "EasyDotnet",
      "version": "2.3.48.0"
    },
    "capabilities": {
      "routes": [
        "template/list",
        "template/parameters",
        "template/instantiate",
        "solution/list-projects",
        "roslyn/bootstrap-file",
        "roslyn/scope-variables",
        "roslyn/get-workspace-diagnostics",
        "outdated/packages",
        "nuget/restore",
        "nuget/list-sources",
        "nuget/push",
        "nuget/get-package-versions",
        "nuget/search-packages",
        "user-secrets/init",
        "test/discover",
        "test/run",
        "debugger/start",
        "msbuild/build",
        "msbuild/project-properties",
        "msbuild/list-project-reference",
        "msbuild/list-package-reference",
        "msbuild/add-project-reference",
        "msbuild/remove-project-reference",
        "launch-profiles",
        "json-code-gen",
        "initialize"
      ],
      "serverSentNotifications": [
        "request/restore",
        "_server/update-available",
        "project/changed",
        "displayError",
        "displayWarning",
        "displayMessage"
      ],
      "supportsSingleFileExecution": true
    },
    "toolPaths": {}
  }
}
